Jul 08, 2018 2:04:36 PM parsing_csv.DatabaseConnect connect
SEVERE: Communications link failure

The last packet sent successfully to the server was 0 milliseconds ago. The driver has not received any packets from the server.
Jul 08, 2018 2:32:07 PM parsing_csv.DatabaseConnect connect
SEVERE: Communications link failure

The last packet sent successfully to the server was 0 milliseconds ago. The driver has not received any packets from the server.
Jul 08, 2018 2:32:25 PM parsing_csv.DatabaseConnect connect
SEVERE: Communications link failure

The last packet sent successfully to the server was 0 milliseconds ago. The driver has not received any packets from the server.
Jul 08, 2018 2:32:32 PM parsing_csv.DatabaseConnect connect
SEVERE: Communications link failure

The last packet sent successfully to the server was 0 milliseconds ago. The driver has not received any packets from the server.
Jul 08, 2018 2:39:36 PM parsing_csv.DatabaseConnect connect
SEVERE: Communications link failure

The last packet sent successfully to the server was 0 milliseconds ago. The driver has not received any packets from the server.
Jul 08, 2018 4:01:59 PM parsing_csv.DatabaseConnect connect
SEVERE: Communications link failure

The last packet sent successfully to the server was 0 milliseconds ago. The driver has not received any packets from the server.
Jul 08, 2018 5:31:48 PM parsing_csv.DatabaseConnect connect
SEVERE: Communications link failure

The last packet sent successfully to the server was 0 milliseconds ago. The driver has not received any packets from the server.
Jul 08, 2018 6:12:57 PM parsing_csv.DatabaseConnect connect
SEVERE: Communications link failure

The last packet sent successfully to the server was 0 milliseconds ago. The driver has not received any packets from the server.
Jul 09, 2018 1:46:25 AM parsing_csv.DatabaseConnect connect
SEVERE: Communications link failure

The last packet sent successfully to the server was 0 milliseconds ago. The driver has not received any packets from the server.
Jul 10, 2018 4:15:30 AM parsing_csv.DatabaseConnect connect
SEVERE: Communications link failure

The last packet sent successfully to the server was 0 milliseconds ago. The driver has not received any packets from the server.
Jul 10, 2018 4:42:20 AM parsing_csv.DatabaseConnect connect
SEVERE: Communications link failure

The last packet sent successfully to the server was 0 milliseconds ago. The driver has not received any packets from the server.
Jul 10, 2018 4:53:08 AM parsing_csv.DatabaseConnect connect
SEVERE: Communications link failure

The last packet sent successfully to the server was 0 milliseconds ago. The driver has not received any packets from the server.
Jul 10, 2018 4:53:26 AM parsing_csv.DatabaseConnect connect
SEVERE: Communications link failure

The last packet sent successfully to the server was 0 milliseconds ago. The driver has not received any packets from the server.
Jul 10, 2018 4:54:03 AM parsing_csv.DatabaseConnect connect
SEVERE: Communications link failure

The last packet sent successfully to the server was 0 milliseconds ago. The driver has not received any packets from the server.
Jul 10, 2018 4:54:12 AM parsing_csv.DatabaseConnect connect
SEVERE: Communications link failure

The last packet sent successfully to the server was 0 milliseconds ago. The driver has not received any packets from the server.
Jul 10, 2018 4:55:58 AM parsing_csv.DatabaseConnect connect
SEVERE: Communications link failure

The last packet sent successfully to the server was 0 milliseconds ago. The driver has not received any packets from the server.
Jul 10, 2018 4:56:45 AM parsing_csv.DatabaseConnect connect
SEVERE: Communications link failure

The last packet sent successfully to the server was 0 milliseconds ago. The driver has not received any packets from the server.
Jul 10, 2018 4:57:31 AM parsing_csv.DatabaseConnect connect
SEVERE: Communications link failure

The last packet sent successfully to the server was 0 milliseconds ago. The driver has not received any packets from the server.
Jul 10, 2018 4:58:05 AM parsing_csv.DatabaseConnect connect
SEVERE: Communications link failure

The last packet sent successfully to the server was 0 milliseconds ago. The driver has not received any packets from the server.
Jul 10, 2018 4:59:58 AM parsing_csv.DatabaseConnect connect
SEVERE: Communications link failure

The last packet sent successfully to the server was 0 milliseconds ago. The driver has not received any packets from the server.
Jul 10, 2018 5:00:09 AM parsing_csv.DatabaseConnect connect
SEVERE: Communications link failure

The last packet sent successfully to the server was 0 milliseconds ago. The driver has not received any packets from the server.
Jul 10, 2018 5:00:18 AM parsing_csv.DatabaseConnect connect
SEVERE: Communications link failure

The last packet sent successfully to the server was 0 milliseconds ago. The driver has not received any packets from the server.
Jul 10, 2018 5:00:32 AM parsing_csv.DatabaseConnect connect
SEVERE: Communications link failure

The last packet sent successfully to the server was 0 milliseconds ago. The driver has not received any packets from the server.
Jul 10, 2018 5:00:45 AM parsing_csv.DatabaseConnect connect
SEVERE: Communications link failure

The last packet sent successfully to the server was 0 milliseconds ago. The driver has not received any packets from the server.
Jul 10, 2018 5:01:42 AM parsing_csv.DatabaseConnect connect
SEVERE: Communications link failure

The last packet sent successfully to the server was 0 milliseconds ago. The driver has not received any packets from the server.
Jul 10, 2018 5:01:25 PM parsing_csv.DatabaseConnect connect
SEVERE: Communications link failure

The last packet sent successfully to the server was 0 milliseconds ago. The driver has not received any packets from the server.
Jul 10, 2018 5:01:33 PM parsing_csv.DatabaseConnect connect
SEVERE: Communications link failure

The last packet sent successfully to the server was 0 milliseconds ago. The driver has not received any packets from the server.
Jul 10, 2018 5:02:12 PM parsing_csv.DatabaseConnect connect
SEVERE: Communications link failure

The last packet sent successfully to the server was 0 milliseconds ago. The driver has not received any packets from the server.
Jul 10, 2018 5:02:40 PM parsing_csv.DatabaseConnect connect
SEVERE: Communications link failure

The last packet sent successfully to the server was 0 milliseconds ago. The driver has not received any packets from the server.
Jul 10, 2018 5:03:03 PM parsing_csv.DatabaseConnect connect
SEVERE: Communications link failure

The last packet sent successfully to the server was 0 milliseconds ago. The driver has not received any packets from the server.
Jul 10, 2018 5:03:10 PM parsing_csv.DatabaseConnect connect
SEVERE: Communications link failure

The last packet sent successfully to the server was 0 milliseconds ago. The driver has not received any packets from the server.
Jul 10, 2018 5:03:39 PM parsing_csv.DatabaseConnect connect
SEVERE: Communications link failure

The last packet sent successfully to the server was 0 milliseconds ago. The driver has not received any packets from the server.
Jul 10, 2018 5:04:10 PM parsing_csv.DatabaseConnect connect
SEVERE: Communications link failure

The last packet sent successfully to the server was 0 milliseconds ago. The driver has not received any packets from the server.
Jul 10, 2018 5:04:36 PM parsing_csv.DatabaseConnect connect
SEVERE: Communications link failure

The last packet sent successfully to the server was 0 milliseconds ago. The driver has not received any packets from the server.
Jul 10, 2018 5:05:00 PM parsing_csv.DatabaseConnect connect
SEVERE: Communications link failure

The last packet sent successfully to the server was 0 milliseconds ago. The driver has not received any packets from the server.
Jul 10, 2018 5:05:56 PM parsing_csv.DatabaseConnect connect
SEVERE: Communications link failure

The last packet sent successfully to the server was 0 milliseconds ago. The driver has not received any packets from the server.
Jul 10, 2018 5:13:41 PM parsing_csv.DatabaseConnect connect
SEVERE: Communications link failure

The last packet sent successfully to the server was 0 milliseconds ago. The driver has not received any packets from the server.
test
Jul 10, 2018 5:22:13 PM parsing_csv.DatabaseConnect connect
SEVERE: Communications link failure

The last packet sent successfully to the server was 0 milliseconds ago. The driver has not received any packets from the server.
Jul 10, 2018 7:40:12 PM parsing_csv.DatabaseConnect connect
SEVERE: Communications link failure

The last packet sent successfully to the server was 0 milliseconds ago. The driver has not received any packets from the server.
Jul 10, 2018 7:40:17 PM parsing_csv.DatabaseConnect connect
SEVERE: Communications link failure

The last packet sent successfully to the server was 0 milliseconds ago. The driver has not received any packets from the server.
Jul 10, 2018 7:41:55 PM parsing_csv.DatabaseConnect connect
SEVERE: Communications link failure

The last packet sent successfully to the server was 0 milliseconds ago. The driver has not received any packets from the server.
Jul 11, 2018 1:24:27 PM parsing_csv.DatabaseConnect connect
SEVERE: Communications link failure

The last packet sent successfully to the server was 0 milliseconds ago. The driver has not received any packets from the server.
